<?xml version="1.0" encoding="UTF-8"?>
<!-- Generated by org.testng.reporters.JUnitReportReporter -->
<testsuite hostname="DESKTOP-2U9NDB1" failures="0" tests="3" name="com.comcast.crm.orgtest.CreateOrganizationTest" time="77.866" errors="0" timestamp="2025-03-17T21:50:24 IST" skipped="0">
  <testcase classname="com.comcast.crm.orgtest.CreateOrganizationTest" name="createOrganizationWithPhoneNumberTest" time="21.232"/>
  <testcase classname="com.comcast.crm.orgtest.CreateOrganizationTest" name="createOrganizationTest" time="30.514"/>
  <testcase classname="com.comcast.crm.orgtest.CreateOrganizationTest" name="createOrganizationWithIndustryTest" time="26.120"/>
</testsuite> <!-- com.comcast.crm.orgtest.CreateOrganizationTest -->
