<?xml version="1.0" encoding="UTF-8"?>
<!-- Generated by org.testng.reporters.JUnitReportReporter -->
<testsuite hostname="DESKTOP-2U9NDB1" failures="0" tests="1" name="com.comcast.crm.orgtest.CreateOrganizationTest" time="27.608" errors="0" timestamp="2025-03-17T21:31:41 IST" skipped="0">
  <testcase classname="com.comcast.crm.orgtest.CreateOrganizationTest" name="createOrganizationTest" time="27.608"/>
</testsuite> <!-- com.comcast.crm.orgtest.CreateOrganizationTest -->
