<?xml version="1.0" encoding="UTF-8"?>
<!-- Generated by org.testng.reporters.JUnitReportReporter -->
<testsuite hostname="DESKTOP-2U9NDB1" failures="0" tests="3" name="com.comcast.crm.contacttest.CreateContactTest" time="92.932" errors="0" timestamp="2025-03-17T21:50:24 IST" skipped="0">
  <testcase classname="com.comcast.crm.contacttest.CreateContactTest" name="createContactTest" time="29.901"/>
  <testcase classname="com.comcast.crm.contacttest.CreateContactTest" name="createContactwithOrganizationnameTest" time="37.846"/>
  <testcase classname="com.comcast.crm.contacttest.CreateContactTest" name="createContactwithSupportDateTest" time="25.185"/>
</testsuite> <!-- com.comcast.crm.contacttest.CreateContactTest -->
