<?xml version="1.0" encoding="UTF-8"?>
<!-- Generated by org.testng.reporters.JUnitReportReporter -->
<testsuite hostname="DESKTOP-2U9NDB1" failures="0" tests="1" name="com.comcast.crm.orgtest.CreateOrganizationTest" time="327.800" errors="0" timestamp="2025-03-05T10:35:48 IST" skipped="0">
  <testcase classname="com.comcast.crm.orgtest.CreateOrganizationTest" name="createOrganizationTest" time="327.800"/>
</testsuite> <!-- com.comcast.crm.orgtest.CreateOrganizationTest -->
