<?xml version="1.0" encoding="UTF-8"?>
<!-- Generated by org.testng.reporters.JUnitReportReporter -->
<testsuite hostname="DESKTOP-2U9NDB1" failures="0" tests="3" name="com.comcast.crm.contacttest.CreateContactOrganizationTest" time="91.069" errors="0" timestamp="2025-02-26T16:27:01 IST" skipped="0">
  <testcase classname="com.comcast.crm.contacttest.CreateContactOrganizationTest" name="createContactwithSupportDateTest" time="24.535"/>
  <testcase classname="com.comcast.crm.contacttest.CreateContactOrganizationTest" name="createContactwithOrganizationnameTest" time="40.732"/>
  <testcase classname="com.comcast.crm.contacttest.CreateContactOrganizationTest" name="createContactTest" time="25.802"/>
</testsuite> <!-- com.comcast.crm.contacttest.CreateContactOrganizationTest -->
