<?xml version="1.0" encoding="UTF-8"?>
<!-- Generated by org.testng.reporters.JUnitReportReporter -->
<testsuite hostname="DESKTOP-2U9NDB1" failures="0" tests="4" name="com.comcast.crm.opportunitytest.CreateOpportunityContactTest" time="71.625" errors="0" timestamp="2025-03-01T15:33:10 IST" skipped="0">
  <testcase classname="com.comcast.crm.opportunitytest.CreateOpportunityContactTest" name="createTroubleTicket" time="11.876"/>
  <testcase classname="com.comcast.crm.opportunitytest.CreateOpportunityContactTest" name="createOpportunityOrgTest" time="21.718"/>
  <testcase classname="com.comcast.crm.opportunitytest.CreateOpportunityContactTest" name="createOpportunityContactTest" time="23.351"/>
  <testcase classname="com.comcast.crm.opportunitytest.CreateOpportunityContactTest" name="createProduct" time="14.680"/>
</testsuite> <!-- com.comcast.crm.opportunitytest.CreateOpportunityContactTest -->
