<?xml version="1.0" encoding="UTF-8"?>
<!-- Generated by org.testng.reporters.JUnitReportReporter -->
<testsuite hostname="DESKTOP-2U9NDB1" failures="0" tests="3" name="practice.test.GetProductInfoTest" time="45.225" errors="0" timestamp="2025-02-25T18:06:24 IST" skipped="0">
  <testcase classname="practice.test.GetProductInfoTest" name="getProductInfoTest" time="23.911"/>
  <testcase classname="practice.test.GetProductInfoTest" name="getProductInfoTest" time="13.192"/>
  <testcase classname="practice.test.GetProductInfoTest" name="getProductInfoTest" time="8.122"/>
</testsuite> <!-- practice.test.GetProductInfoTest -->
